<?xml version="1.0" encoding="UTF-8" ?>
<testsuite tests="58" failures="0" name="com.bdd.runner.RunnerTest" time="9.395" errors="0" skipped="0">
  <properties>
[...]
</properties>
  <testcase classname="Crear Token dinámico correctamente" name="que configuro el body del servicio: &quot;crearToken&quot;" time="0.146"/>
  <testcase classname="Crear Token dinámico correctamente" name="configuro las cabeceras" time="0.01"/>
  <testcase classname="Crear Token dinámico correctamente" name="ejecuto el servicio con la configuracion del body y cabeceras" time="2.869"/>
  <testcase classname="Crear Token dinámico correctamente" name="valido que el codigo de respuesta sea &quot;200&quot;" time="0.004"/>
  <testcase classname="Crear Token dinámico correctamente" name="guardo la respuesta de la ejecucion" time="0.012"/>
  <testcase classname="Crear Token dinámico correctamente" name="Crear Token dinámico correctamente" time="0.017"/>
  <testcase classname="Crear Token dinámico incorrectamente" name="que configuro el body del servicio: &quot;crearToken&quot;" time="0.004"/>
  <testcase classname="Crear Token dinámico incorrectamente" name="configuro las cabeceras" time="0.003"/>
  <testcase classname="Crear Token dinámico incorrectamente" name="ejecuto el servicio con la configuracion del body y cabeceras" time="0.539"/>
  <testcase classname="Crear Token dinámico incorrectamente" name="valido que el codigo de respuesta sea &quot;404&quot;" time="0.001"/>
  <testcase classname="Crear Token dinámico incorrectamente" name="guardo la respuesta de la ejecucion" time="0.003"/>
  <testcase classname="Crear Token dinámico incorrectamente" name="Crear Token dinámico incorrectamente" time="0.004"/>
  <testcase classname="Obtener ID&apos;s de libros correctamente" name="ejecuto el servicio sin configuraciones" time="0.935"/>
  <testcase classname="Obtener ID&apos;s de libros correctamente" name="valido que el codigo de respuesta sea &quot;200&quot;" time="0"/>
  <testcase classname="Obtener ID&apos;s de libros correctamente" name="guardo la respuesta de la ejecucion" time="0.063"/>
  <testcase classname="Obtener ID&apos;s de libros correctamente" name="Obtener ID&apos;s de libros correctamente" time="0.064"/>
  <testcase classname="ObtenerID&apos;s de Libros incorrectamente" name="ejecuto el servicio sin configuraciones" time="0.438"/>
  <testcase classname="ObtenerID&apos;s de Libros incorrectamente" name="valido que el codigo de respuesta sea &quot;500&quot;" time="0.001"/>
  <testcase classname="ObtenerID&apos;s de Libros incorrectamente" name="guardo la respuesta de la ejecucion" time="0.002"/>
  <testcase classname="ObtenerID&apos;s de Libros incorrectamente" name="ObtenerID&apos;s de Libros incorrectamente" time="0.003"/>
  <testcase classname="Obtener libro por un ID en específico" name="ejecuto el servicio sin configuraciones" time="0.537"/>
  <testcase classname="Obtener libro por un ID en específico" name="valido que el codigo de respuesta sea &quot;200&quot;" time="0.001"/>
  <testcase classname="Obtener libro por un ID en específico" name="guardo la respuesta de la ejecucion" time="0.014"/>
  <testcase classname="Obtener libro por un ID en específico" name="Obtener libro por un ID en específico" time="0.016"/>
  <testcase classname="Obtener libro por un ID en específico" name="ejecuto el servicio sin configuraciones" time="0.516"/>
  <testcase classname="Obtener libro por un ID en específico" name="valido que el codigo de respuesta sea &quot;200&quot;" time="0.001"/>
  <testcase classname="Obtener libro por un ID en específico" name="guardo la respuesta de la ejecucion" time="0.014"/>
  <testcase classname="Obtener libro por un ID en específico" name="Obtener libro por un ID en específico" time="0.016"/>
  <testcase classname="Obtener libro por un ID en específico" name="ejecuto el servicio sin configuraciones" time="0.507"/>
  <testcase classname="Obtener libro por un ID en específico" name="valido que el codigo de respuesta sea &quot;200&quot;" time="0.001"/>
  <testcase classname="Obtener libro por un ID en específico" name="guardo la respuesta de la ejecucion" time="0.003"/>
  <testcase classname="Obtener libro por un ID en específico" name="Obtener libro por un ID en específico" time="0.004"/>
  <testcase classname="Obtener libro por un ID en específico unhappy path" name="ejecuto el servicio sin configuraciones" time="0.506"/>
  <testcase classname="Obtener libro por un ID en específico unhappy path" name="valido que el codigo de respuesta sea &quot;404&quot;" time="0.001"/>
  <testcase classname="Obtener libro por un ID en específico unhappy path" name="guardo la respuesta de la ejecucion" time="0.002"/>
  <testcase classname="Obtener libro por un ID en específico unhappy path" name="Obtener libro por un ID en específico unhappy path" time="0.003"/>
  <testcase classname="Crear libro correctamente" name="que configuro el body del servicio: &quot;crearLibro&quot;" time="0.004"/>
  <testcase classname="Crear libro correctamente" name="configuro las cabeceras" time="0.003"/>
  <testcase classname="Crear libro correctamente" name="ejecuto el servicio con la configuracion del body y cabeceras" time="0.51"/>
  <testcase classname="Crear libro correctamente" name="valido que el codigo de respuesta sea &quot;200&quot;" time="0.002"/>
  <testcase classname="Crear libro correctamente" name="guardo la respuesta de la ejecucion" time="0.014"/>
  <testcase classname="Crear libro correctamente" name="Crear libro correctamente" time="0.016"/>
  <testcase classname="Crear libro correctamente" name="que configuro el body del servicio: &quot;crearLibro&quot;" time="0.004"/>
  <testcase classname="Crear libro correctamente" name="configuro las cabeceras" time="0.001"/>
  <testcase classname="Crear libro correctamente" name="ejecuto el servicio con la configuracion del body y cabeceras" time="0.503"/>
  <testcase classname="Crear libro correctamente" name="valido que el codigo de respuesta sea &quot;200&quot;" time="0.001"/>
  <testcase classname="Crear libro correctamente" name="guardo la respuesta de la ejecucion" time="0.004"/>
  <testcase classname="Crear libro correctamente" name="Crear libro correctamente" time="0.005"/>
  <testcase classname="Eliminar libro por un ID especifico happy path" name="configuro las cabeceras" time="0.002"/>
  <testcase classname="Eliminar libro por un ID especifico happy path" name="ejecuto el servicio con la configuracion de las cabeceras" time="0.524"/>
  <testcase classname="Eliminar libro por un ID especifico happy path" name="valido que el codigo de respuesta sea &quot;201&quot;" time="0.001"/>
  <testcase classname="Eliminar libro por un ID especifico happy path" name="guardo la respuesta de la ejecucion" time="0.002"/>
  <testcase classname="Eliminar libro por un ID especifico happy path" name="Eliminar libro por un ID especifico happy path" time="0.004"/>
  <testcase classname="Eliminar libro por un ID especifico unhappy path" name="configuro las cabeceras" time="0.001"/>
  <testcase classname="Eliminar libro por un ID especifico unhappy path" name="ejecuto el servicio con la configuracion de las cabeceras" time="0.506"/>
  <testcase classname="Eliminar libro por un ID especifico unhappy path" name="valido que el codigo de respuesta sea &quot;403&quot;" time="0.001"/>
  <testcase classname="Eliminar libro por un ID especifico unhappy path" name="guardo la respuesta de la ejecucion" time="0.013"/>
  <testcase classname="Eliminar libro por un ID especifico unhappy path" name="Eliminar libro por un ID especifico unhappy path" time="0.014"/>
</testsuite>