<?xml version="1.0" encoding="UTF-8"?><testsuite errors="0" failures="0" name="Automatización de APIs" skipped="0" tests="12" time="9.83" timestamp="2023-03-10 05:00:42"><testcase name="Crear Token dinámico correctamente"/><testcase name="Crear Token dinámico incorrectamente"/><testcase name="Obtener ID's de libros correctamente"/><testcase name="ObtenerID's de Libros incorrectamente"/><testcase name="Obtener libro por un ID en específico"/><testcase name="Obtener libro por un ID en específico unhappy path"/><testcase name="Crear libro correctamente"/><testcase name="Eliminar libro por un ID especifico happy path"/><testcase name="Eliminar libro por un ID especifico unhappy path"/></testsuite>